<?xml version="1.0" encoding="UTF-8"?><testsuite errors="0" failures="0" name="as a quality analyst I want to ensure the correct operation and test the time zone service" skipped="0" tests="24" time="22.26" timestamp="2021-09-09 11:52:35"><testcase name="validate response message to with invalid latitude"/><testcase name="validate the reply message with valid latitude and invalid longitude"/><testcase name="validate that the information is correctly returned, when the latitude and longitude are valid"/><testcase name="Validate the reply message when the user does not exist"/><testcase name="Validate reply message when user is invalid"/></testsuite>